[2025-09-05 11:24:40] Запрашиваем курс ILS через API
[2025-09-05 11:24:41] Не удалось получить курс ILS
[2025-09-05 11:28:19] Запрашиваем курс ILS через API
[2025-09-05 11:28:19] Ошибка при запросе API: API вернуло пустой курс ILS
[2025-09-05 11:28:19] Курс ILS взят из локального файла
[2025-09-05 11:28:30] Пользователь ввел сумму: 67.0 USD
[2025-09-05 11:28:30] Конвертировано: 67.0 USD = 231.15 ₪
[2025-09-05 11:38:17] Запрашиваем курс ILS через Frankfurter API
[2025-09-05 11:38:17] Получен курс ILS через API: 3.3634
[2025-09-05 11:38:17] Курсы сохранены в локальный файл
[2025-09-05 11:38:24] Пользователь ввел сумму: 45.0 USD
[2025-09-05 11:38:24] Конвертировано: 45.0 USD = 151.35 ILS
[2025-09-05 11:38:34] Запрашиваем курс RUB через Frankfurter API
[2025-09-05 11:38:34] Ошибка при запросе API: 404 Client Error: Not Found for url: https://api.frankfurter.app/latest?from=USD&to=RUB
[2025-09-05 11:38:34] В локальном файле нет курса RUB
[2025-09-05 11:38:34] Критическая ошибка: Не удалось получить курс RUB
[2025-09-05 11:39:07] Запрашиваем курс EUR через Frankfurter API
[2025-09-05 11:39:07] Получен курс EUR через API: 0.85859
[2025-09-05 11:39:07] Курсы сохранены в локальный файл
[2025-09-05 11:39:14] Пользователь ввел сумму: 100.0 USD
[2025-09-05 11:39:14] Конвертировано: 100.0 USD = 85.86 EUR
